<?xml version="1.0" encoding="UTF-8"?>
<testsuite xmlns:xsi="http://www.w3.org/2001/XMLSchema-instance" xsi:noNamespaceSchemaLocation="https://maven.apache.org/surefire/maven-surefire-plugin/xsd/surefire-test-report-3.0.xsd" version="3.0" name="com.fiap.producao.services.ProducaoServiceTest" time="1.987" tests="3" errors="0" skipped="0" failures="0">
  <properties>
[...]
</properties>
  <testcase name="quandoAlterarStatusPedidoDeveraRetornarErroDeStatus" classname="com.fiap.producao.services.ProducaoServiceTest" time="1.93"/>
  <testcase name="alterarStatusPedido" classname="com.fiap.producao.services.ProducaoServiceTest" time="0.017"/>
  <testcase name="buscarDadosPedidos" classname="com.fiap.producao.services.ProducaoServiceTest" time="0.01"/>
</testsuite>